<?xml version="1.0" encoding="UTF-8"?>
<!-- Generated by org.testng.reporters.JUnitXMLReporter -->
<testsuite hostname="CORPLPW100314" ignored="0" name="Default test" tests="4" failures="0" timestamp="21 Aug 2019 15:14:09 GMT" time="0.085" errors="0">
  <testcase name="test1" time="0.015" classname="com.auto.qa.pages.TestPage3"/>
  <testcase name="test2" time="0.004" classname="com.auto.qa.pages.TestPage3"/>
  <testcase name="test3" time="0.004" classname="com.auto.qa.pages.TestPage3"/>
  <testcase name="test4" time="0.0" classname="com.auto.qa.pages.TestPage3"/>
</testsuite> <!-- Default test -->
