<?xml version="1.0" encoding="UTF-8"?>
<!-- Generated by org.testng.reporters.JUnitXMLReporter -->
<testsuite hostname="CORPLPW100314" ignored="10" name="Regression" tests="10" failures="0" timestamp="26 Aug 2019 16:00:46 GMT" time="0.079" errors="0">
  <testcase name="test1" time="0.0" classname="com.auto.qa.testcases.TestPage5"/>
  <testcase name="test4" time="0.015" classname="com.auto.qa.testcases.TestPage5"/>
  <testcase name="test1" time="0.0" classname="com.auto.qa.testcases.TestPage4"/>
  <testcase name="test4" time="0.0" classname="com.auto.qa.testcases.TestPage4"/>
  <testcase name="test1" time="0.016" classname="com.auto.qa.testcases.TestPage1"/>
  <testcase name="test4" time="0.0" classname="com.auto.qa.testcases.TestPage1"/>
  <testcase name="test1" time="0.0" classname="com.auto.qa.testcases.TestPage3"/>
  <testcase name="test4" time="0.0" classname="com.auto.qa.testcases.TestPage3"/>
  <testcase name="test1" time="0.016" classname="com.auto.qa.testcases.TestPage2"/>
  <testcase name="test4" time="0.0" classname="com.auto.qa.testcases.TestPage2"/>
  <testcase name="test3" time="0.0" classname="com.auto.qa.testcases.TestPage5">
    <ignored/>
  </testcase> <!-- test3 -->
  <testcase name="test2" time="0.0" classname="com.auto.qa.testcases.TestPage4">
    <ignored/>
  </testcase> <!-- test2 -->
  <testcase name="test2" time="0.0" classname="com.auto.qa.testcases.TestPage3">
    <ignored/>
  </testcase> <!-- test2 -->
  <testcase name="test3" time="0.0" classname="com.auto.qa.testcases.TestPage2">
    <ignored/>
  </testcase> <!-- test3 -->
  <testcase name="test3" time="0.0" classname="com.auto.qa.testcases.TestPage3">
    <ignored/>
  </testcase> <!-- test3 -->
  <testcase name="test2" time="0.0" classname="com.auto.qa.testcases.TestPage2">
    <ignored/>
  </testcase> <!-- test2 -->
  <testcase name="test2" time="0.0" classname="com.auto.qa.testcases.TestPage1">
    <ignored/>
  </testcase> <!-- test2 -->
  <testcase name="test2" time="0.0" classname="com.auto.qa.testcases.TestPage5">
    <ignored/>
  </testcase> <!-- test2 -->
  <testcase name="test3" time="0.0" classname="com.auto.qa.testcases.TestPage4">
    <ignored/>
  </testcase> <!-- test3 -->
  <testcase name="test3" time="0.0" classname="com.auto.qa.testcases.TestPage1">
    <ignored/>
  </testcase> <!-- test3 -->
</testsuite> <!-- Regression -->
