<?xml version="1.0" encoding="UTF-8"?>
<!-- Generated by org.testng.reporters.JUnitXMLReporter -->
<testsuite hostname="CORPLPW100314" ignored="16" name="Test" tests="20" failures="0" timestamp="27 Aug 2019 08:48:06 GMT" time="96.888" errors="0">
  <testcase name="test1" time="0.005" classname="com.auto.qa.testcases.TestPage5"/>
  <testcase name="test2" time="0.001" classname="com.auto.qa.testcases.TestPage5"/>
  <testcase name="test3" time="0.002" classname="com.auto.qa.testcases.TestPage5"/>
  <testcase name="test4" time="0.001" classname="com.auto.qa.testcases.TestPage5"/>
  <testcase name="test1" time="0.002" classname="com.auto.qa.testcases.TestPage4"/>
  <testcase name="test2" time="0.001" classname="com.auto.qa.testcases.TestPage4"/>
  <testcase name="test3" time="0.001" classname="com.auto.qa.testcases.TestPage4"/>
  <testcase name="test4" time="0.001" classname="com.auto.qa.testcases.TestPage4"/>
  <testcase name="test1" time="0.002" classname="com.auto.qa.testcases.TestPage1"/>
  <testcase name="test2" time="0.001" classname="com.auto.qa.testcases.TestPage1"/>
  <testcase name="test3" time="0.001" classname="com.auto.qa.testcases.TestPage1"/>
  <testcase name="test4" time="0.001" classname="com.auto.qa.testcases.TestPage1"/>
  <testcase name="test1" time="0.001" classname="com.auto.qa.testcases.TestPage3"/>
  <testcase name="test2" time="0.001" classname="com.auto.qa.testcases.TestPage3"/>
  <testcase name="test3" time="0.001" classname="com.auto.qa.testcases.TestPage3"/>
  <testcase name="test4" time="0.001" classname="com.auto.qa.testcases.TestPage3"/>
  <testcase name="test1" time="0.001" classname="com.auto.qa.testcases.TestPage2"/>
  <testcase name="test2" time="0.001" classname="com.auto.qa.testcases.TestPage2"/>
  <testcase name="test3" time="0.0" classname="com.auto.qa.testcases.TestPage2"/>
  <testcase name="test4" time="0.001" classname="com.auto.qa.testcases.TestPage2"/>
  <testcase name="@BeforeSuite beforesuite" time="0.0" classname="com.auto.qa.base.TestBase">
    <ignored/>
  </testcase> <!-- @BeforeSuite beforesuite -->
  <testcase name="@BeforeSuite beforesuite" time="0.0" classname="com.auto.qa.base.TestBase">
    <ignored/>
  </testcase> <!-- @BeforeSuite beforesuite -->
  <testcase name="@BeforeSuite beforesuite" time="0.0" classname="com.auto.qa.base.TestBase">
    <ignored/>
  </testcase> <!-- @BeforeSuite beforesuite -->
  <testcase name="@BeforeSuite beforesuite" time="0.0" classname="com.auto.qa.base.TestBase">
    <ignored/>
  </testcase> <!-- @BeforeSuite beforesuite -->
  <testcase name="@BeforeTest beforetest" time="0.0" classname="com.auto.qa.base.TestBase">
    <ignored/>
  </testcase> <!-- @BeforeTest beforetest -->
  <testcase name="@BeforeTest beforetest" time="0.0" classname="com.auto.qa.base.TestBase">
    <ignored/>
  </testcase> <!-- @BeforeTest beforetest -->
  <testcase name="@BeforeTest beforetest" time="0.0" classname="com.auto.qa.base.TestBase">
    <ignored/>
  </testcase> <!-- @BeforeTest beforetest -->
  <testcase name="@BeforeTest beforetest" time="0.0" classname="com.auto.qa.base.TestBase">
    <ignored/>
  </testcase> <!-- @BeforeTest beforetest -->
  <testcase name="@AfterTest aftertest" time="0.0" classname="com.auto.qa.base.TestBase">
    <ignored/>
  </testcase> <!-- @AfterTest aftertest -->
  <testcase name="@AfterTest aftertest" time="0.0" classname="com.auto.qa.base.TestBase">
    <ignored/>
  </testcase> <!-- @AfterTest aftertest -->
  <testcase name="@AfterTest aftertest" time="0.0" classname="com.auto.qa.base.TestBase">
    <ignored/>
  </testcase> <!-- @AfterTest aftertest -->
  <testcase name="@AfterTest aftertest" time="0.0" classname="com.auto.qa.base.TestBase">
    <ignored/>
  </testcase> <!-- @AfterTest aftertest -->
  <testcase name="@AfterSuite aftersuite" time="0.0" classname="com.auto.qa.base.TestBase">
    <ignored/>
  </testcase> <!-- @AfterSuite aftersuite -->
  <testcase name="@AfterSuite aftersuite" time="0.0" classname="com.auto.qa.base.TestBase">
    <ignored/>
  </testcase> <!-- @AfterSuite aftersuite -->
  <testcase name="@AfterSuite aftersuite" time="0.0" classname="com.auto.qa.base.TestBase">
    <ignored/>
  </testcase> <!-- @AfterSuite aftersuite -->
  <testcase name="@AfterSuite aftersuite" time="0.0" classname="com.auto.qa.base.TestBase">
    <ignored/>
  </testcase> <!-- @AfterSuite aftersuite -->
</testsuite> <!-- Test -->
