<?xml version="1.0" encoding="UTF-8"?>
<!-- Generated by org.testng.reporters.JUnitXMLReporter -->
<testsuite hostname="CORPLPW100314" ignored="8" name="Test" tests="12" failures="0" timestamp="21 Aug 2019 15:17:59 GMT" time="0.272" errors="0">
  <testcase name="test1" time="0.034" classname="com.auto.qa.pages.TestPage3"/>
  <testcase name="test2" time="0.005" classname="com.auto.qa.pages.TestPage3"/>
  <testcase name="test3" time="0.014" classname="com.auto.qa.pages.TestPage3"/>
  <testcase name="test4" time="0.004" classname="com.auto.qa.pages.TestPage3"/>
  <testcase name="test1" time="0.01" classname="com.auto.qa.pages.TestPage1"/>
  <testcase name="test2" time="0.003" classname="com.auto.qa.pages.TestPage1"/>
  <testcase name="test3" time="0.02" classname="com.auto.qa.pages.TestPage1"/>
  <testcase name="test4" time="0.003" classname="com.auto.qa.pages.TestPage1"/>
  <testcase name="test1" time="0.006" classname="com.auto.qa.pages.TestPage2"/>
  <testcase name="test2" time="0.001" classname="com.auto.qa.pages.TestPage2"/>
  <testcase name="test3" time="0.003" classname="com.auto.qa.pages.TestPage2"/>
  <testcase name="test4" time="0.003" classname="com.auto.qa.pages.TestPage2"/>
  <testcase name="@BeforeSuite beforesuite" time="0.0" classname="com.auto.qa.base.TestBase">
    <ignored/>
  </testcase> <!-- @BeforeSuite beforesuite -->
  <testcase name="@BeforeSuite beforesuite" time="0.0" classname="com.auto.qa.base.TestBase">
    <ignored/>
  </testcase> <!-- @BeforeSuite beforesuite -->
  <testcase name="@BeforeTest beforetest" time="0.0" classname="com.auto.qa.base.TestBase">
    <ignored/>
  </testcase> <!-- @BeforeTest beforetest -->
  <testcase name="@BeforeTest beforetest" time="0.0" classname="com.auto.qa.base.TestBase">
    <ignored/>
  </testcase> <!-- @BeforeTest beforetest -->
  <testcase name="@AfterSuite aftersuite" time="0.0" classname="com.auto.qa.base.TestBase">
    <ignored/>
  </testcase> <!-- @AfterSuite aftersuite -->
  <testcase name="@AfterSuite aftersuite" time="0.0" classname="com.auto.qa.base.TestBase">
    <ignored/>
  </testcase> <!-- @AfterSuite aftersuite -->
  <testcase name="@AfterTest aftertest" time="0.0" classname="com.auto.qa.base.TestBase">
    <ignored/>
  </testcase> <!-- @AfterTest aftertest -->
  <testcase name="@AfterTest aftertest" time="0.0" classname="com.auto.qa.base.TestBase">
    <ignored/>
  </testcase> <!-- @AfterTest aftertest -->
</testsuite> <!-- Test -->
