<?xml version="1.0" encoding="UTF-8"?>
<!-- Generated by org.testng.reporters.JUnitXMLReporter -->
<testsuite ignored="16" hostname="CORPLPW100314" failures="0" tests="21" name="Command line test" time="102.774" errors="0" timestamp="27 Aug 2019 08:55:15 GMT">
  <testcase classname="com.auto.qa.testcases.Testing1" name="browse" time="4.092"/>
  <testcase classname="com.auto.qa.testcases.TestPage1" name="test1" time="0.0"/>
  <testcase classname="com.auto.qa.testcases.TestPage1" name="test2" time="0.0"/>
  <testcase classname="com.auto.qa.testcases.TestPage1" name="test3" time="0.0"/>
  <testcase classname="com.auto.qa.testcases.TestPage1" name="test4" time="0.0"/>
  <testcase classname="com.auto.qa.testcases.TestPage2" name="test1" time="0.0"/>
  <testcase classname="com.auto.qa.testcases.TestPage2" name="test2" time="0.001"/>
  <testcase classname="com.auto.qa.testcases.TestPage2" name="test3" time="0.0"/>
  <testcase classname="com.auto.qa.testcases.TestPage2" name="test4" time="0.0"/>
  <testcase classname="com.auto.qa.testcases.TestPage3" name="test1" time="0.0"/>
  <testcase classname="com.auto.qa.testcases.TestPage3" name="test2" time="0.0"/>
  <testcase classname="com.auto.qa.testcases.TestPage3" name="test3" time="0.001"/>
  <testcase classname="com.auto.qa.testcases.TestPage3" name="test4" time="0.0"/>
  <testcase classname="com.auto.qa.testcases.TestPage4" name="test1" time="0.0"/>
  <testcase classname="com.auto.qa.testcases.TestPage4" name="test2" time="0.0"/>
  <testcase classname="com.auto.qa.testcases.TestPage4" name="test3" time="0.0"/>
  <testcase classname="com.auto.qa.testcases.TestPage4" name="test4" time="0.001"/>
  <testcase classname="com.auto.qa.testcases.TestPage5" name="test1" time="0.001"/>
  <testcase classname="com.auto.qa.testcases.TestPage5" name="test2" time="0.0"/>
  <testcase classname="com.auto.qa.testcases.TestPage5" name="test3" time="0.0"/>
  <testcase classname="com.auto.qa.testcases.TestPage5" name="test4" time="0.0"/>
  <testcase classname="com.auto.qa.base.TestBase" name="@BeforeSuite beforesuite" time="0.0">
    <ignored/>
  </testcase> <!-- @BeforeSuite beforesuite -->
  <testcase classname="com.auto.qa.base.TestBase" name="@BeforeSuite beforesuite" time="0.0">
    <ignored/>
  </testcase> <!-- @BeforeSuite beforesuite -->
  <testcase classname="com.auto.qa.base.TestBase" name="@BeforeSuite beforesuite" time="0.0">
    <ignored/>
  </testcase> <!-- @BeforeSuite beforesuite -->
  <testcase classname="com.auto.qa.base.TestBase" name="@BeforeSuite beforesuite" time="0.0">
    <ignored/>
  </testcase> <!-- @BeforeSuite beforesuite -->
  <testcase classname="com.auto.qa.base.TestBase" name="@BeforeTest beforetest" time="0.0">
    <ignored/>
  </testcase> <!-- @BeforeTest beforetest -->
  <testcase classname="com.auto.qa.base.TestBase" name="@BeforeTest beforetest" time="0.0">
    <ignored/>
  </testcase> <!-- @BeforeTest beforetest -->
  <testcase classname="com.auto.qa.base.TestBase" name="@BeforeTest beforetest" time="0.0">
    <ignored/>
  </testcase> <!-- @BeforeTest beforetest -->
  <testcase classname="com.auto.qa.base.TestBase" name="@BeforeTest beforetest" time="0.0">
    <ignored/>
  </testcase> <!-- @BeforeTest beforetest -->
  <testcase classname="com.auto.qa.base.TestBase" name="@AfterTest aftertest" time="0.0">
    <ignored/>
  </testcase> <!-- @AfterTest aftertest -->
  <testcase classname="com.auto.qa.base.TestBase" name="@AfterTest aftertest" time="0.0">
    <ignored/>
  </testcase> <!-- @AfterTest aftertest -->
  <testcase classname="com.auto.qa.base.TestBase" name="@AfterTest aftertest" time="0.0">
    <ignored/>
  </testcase> <!-- @AfterTest aftertest -->
  <testcase classname="com.auto.qa.base.TestBase" name="@AfterTest aftertest" time="0.0">
    <ignored/>
  </testcase> <!-- @AfterTest aftertest -->
  <testcase classname="com.auto.qa.base.TestBase" name="@AfterSuite aftersuite" time="0.0">
    <ignored/>
  </testcase> <!-- @AfterSuite aftersuite -->
  <testcase classname="com.auto.qa.base.TestBase" name="@AfterSuite aftersuite" time="0.0">
    <ignored/>
  </testcase> <!-- @AfterSuite aftersuite -->
  <testcase classname="com.auto.qa.base.TestBase" name="@AfterSuite aftersuite" time="0.0">
    <ignored/>
  </testcase> <!-- @AfterSuite aftersuite -->
  <testcase classname="com.auto.qa.base.TestBase" name="@AfterSuite aftersuite" time="0.0">
    <ignored/>
  </testcase> <!-- @AfterSuite aftersuite -->
</testsuite> <!-- Command line test -->
