<?xml version="1.0" encoding="UTF-8" ?>
<testsuite tests="21" failures="0" name="TestSuite" time="4.097" errors="0" skipped="0">
  <properties>
[...]
</properties>
  <testcase classname="com.auto.qa.testcases.Testing1" name="browse" time="4.095"/>
  <testcase classname="com.auto.qa.testcases.TestPage1" name="test1" time="0"/>
  <testcase classname="com.auto.qa.testcases.TestPage1" name="test2" time="0"/>
  <testcase classname="com.auto.qa.testcases.TestPage1" name="test3" time="0"/>
  <testcase classname="com.auto.qa.testcases.TestPage1" name="test4" time="0"/>
  <testcase classname="com.auto.qa.testcases.TestPage2" name="test1" time="0.001"/>
  <testcase classname="com.auto.qa.testcases.TestPage2" name="test2" time="0"/>
  <testcase classname="com.auto.qa.testcases.TestPage2" name="test3" time="0"/>
  <testcase classname="com.auto.qa.testcases.TestPage2" name="test4" time="0.001"/>
  <testcase classname="com.auto.qa.testcases.TestPage3" name="test1" time="0"/>
  <testcase classname="com.auto.qa.testcases.TestPage3" name="test2" time="0"/>
  <testcase classname="com.auto.qa.testcases.TestPage3" name="test3" time="0"/>
  <testcase classname="com.auto.qa.testcases.TestPage3" name="test4" time="0"/>
  <testcase classname="com.auto.qa.testcases.TestPage4" name="test1" time="0"/>
  <testcase classname="com.auto.qa.testcases.TestPage4" name="test2" time="0"/>
  <testcase classname="com.auto.qa.testcases.TestPage4" name="test3" time="0"/>
  <testcase classname="com.auto.qa.testcases.TestPage4" name="test4" time="0"/>
  <testcase classname="com.auto.qa.testcases.TestPage5" name="test1" time="0"/>
  <testcase classname="com.auto.qa.testcases.TestPage5" name="test2" time="0"/>
  <testcase classname="com.auto.qa.testcases.TestPage5" name="test3" time="0"/>
  <testcase classname="com.auto.qa.testcases.TestPage5" name="test4" time="0"/>
</testsuite>