<?xml version="1.0" encoding="UTF-8"?>
<testng-results skipped="0" failed="0" ignored="0" total="0" passed="0">
  <reporter-output>
  </reporter-output>
  <suite name="com.auto.qa.testcases.Testing1" duration-ms="15" started-at="2019-08-21T19:45:54 IST" finished-at="2019-08-21T19:45:54 IST">
    <groups>
    </groups>
    <test name="Command line test" duration-ms="15" started-at="2019-08-21T19:45:54 IST" finished-at="2019-08-21T19:45:54 IST">
    </test> <!-- Command line test -->
  </suite> <!-- com.auto.qa.testcases.Testing1 -->
</testng-results>
